<?xml version="1.0" encoding="UTF-8"?>
<!-- Generated by org.testng.reporters.JUnitXMLReporter -->
<testsuite hostname="DESKTOP-JU4S01B" ignored="0" name="ListenerTesting1" tests="3" failures="1" timestamp="2021-02-20T20:20:26 IST" time="0.11" errors="0">
  <testcase name="firstMethod" time="0.031" classname="Listeners.TestClassTwo"/>
  <testcase name="secondMethod" time="0.003" classname="Listeners.TestClassTwo">
    <failure type="java.lang.AssertionError" message="did not expect to find [true] but found [false]">
      <![CDATA[java.lang.AssertionError: did not expect to find [true] but found [false]
at Listeners.TestClassTwo.secondMethod(TestClassTwo.java:16)
at java.util.ArrayList.forEach(Unknown Source)
... Removed 31 stack frames]]>
    </failure>
  </testcase> <!-- secondMethod -->
  <testcase name="thirdMethod" time="0.002" classname="Listeners.TestClassTwo"/>
</testsuite> <!-- ListenerTesting1 -->
