<?xml version="1.0" encoding="UTF-8"?>
<!-- Generated by org.testng.reporters.JUnitXMLReporter -->
<testsuite hostname="DESKTOP-JU4S01B" ignored="2" name="FirstTestNGclass" tests="5" failures="0" timestamp="2021-02-16T13:52:19 IST" time="0.095" errors="0">
  <testcase name="f" time="0.007" classname="TestNGClasses.FirstTestNGclass"/>
  <testcase name="solid" time="0.001" classname="TestNGClasses.FirstTestNGclass"/>
  <testcase name="gas" time="0.002" classname="TestNGClasses.FirstTestNGclass"/>
  <testcase name="liquid2" time="0.001" classname="TestNGClasses.SecondTestNGclass"/>
  <testcase name="mind" time="0.002" classname="TestNGClassesTwo.ThirdTestNGclass"/>
  <testcase name="gas2" time="0.0" classname="TestNGClasses.SecondTestNGclass">
    <ignored/>
  </testcase> <!-- gas2 -->
  <testcase name="liquid" time="0.0" classname="TestNGClasses.FirstTestNGclass">
    <ignored/>
  </testcase> <!-- liquid -->
</testsuite> <!-- FirstTestNGclass -->
