<?xml version="1.0" encoding="UTF-8"?>
<!-- Generated by org.testng.reporters.JUnitXMLReporter -->
<testsuite hostname="DESKTOP-JU4S01B" ignored="1" name="SecondTestNGclass" tests="1" failures="0" timestamp="2021-02-16T13:39:21 IST" time="0.0" errors="0">
  <testcase name="liquid2" time="0.0" classname="TestNGClasses.SecondTestNGclass"/>
  <testcase name="gas2" time="0.0" classname="TestNGClasses.SecondTestNGclass">
    <ignored/>
  </testcase> <!-- gas2 -->
</testsuite> <!-- SecondTestNGclass -->
