<?xml version="1.0" encoding="UTF-8"?>
<!-- Generated by org.testng.reporters.JUnitXMLReporter -->
<testsuite hostname="DESKTOP-JU4S01B" ignored="0" name="SecondTestNGclass-Kuchbhi" tests="9" failures="1" timestamp="2021-02-17T00:12:43 IST" time="0.131" errors="0">
  <testcase name="OpenBrowser" time="0.0" classname="TestNGClasses.SecondTestNGclass"/>
  <testcase name="OpenBrowser" time="0.0" classname="TestNGClasses.SecondTestNGclass"/>
  <testcase name="f" time="0.0" classname="TestNGClasses.FirstTestNGclass">
    <failure type="org.testng.TestNGException" message="
Cannot inject @Test annotated Method [f] with [int, int].
For more information on native dependency injection please refer to http://testng.org/doc/documentation-main.html#native-dependency-injection">
      <![CDATA[org.testng.TestNGException: 
Cannot inject @Test annotated Method [f] with [int, int].
For more information on native dependency injection please refer to http://testng.org/doc/documentation-main.html#native-dependency-injection
at java.util.ArrayList.forEach(Unknown Source)
... Removed 26 stack frames]]>
    </failure>
  </testcase> <!-- f -->
  <testcase name="logIn" time="0.007" classname="TestNGClasses.SecondTestNGclass"/>
  <testcase name="ViewAccount" time="0.0" classname="TestNGClasses.SecondTestNGclass"/>
  <testcase name="logout" time="0.016" classname="TestNGClasses.SecondTestNGclass"/>
  <testcase name="liquid" time="0.0" classname="TestNGClasses.FirstTestNGclass"/>
  <testcase name="solid" time="0.0" classname="TestNGClasses.FirstTestNGclass"/>
  <testcase name="gas" time="0.0" classname="TestNGClasses.FirstTestNGclass"/>
</testsuite> <!-- SecondTestNGclass-Kuchbhi -->
